// 重构日志: 02682a32
// 重构日志: 8b7c0fcd
// 重构日志: 3785d56e
// 同步 ID: 7618844b @ Sun Jun 28 16:24:39 UTC 2026
// 同步 ID: add1f8c2 @ Tue Jun 30 11:54:50 UTC 2026
// 重构日志: ca60f581
// 重构日志: f67bdef8
// 重构日志: fe24eea3
// 重构日志: 4c144839
// 重构日志: 7cf9b1eb
// 同步 ID: 479235d9 @ Sun Jul  5 08:39:59 UTC 2026
// 同步 ID: 209240f8 @ Sun Jul  5 15:53:34 UTC 2026
// 重构日志: 8244d6cb
// 重构日志: 128b9c9f
// 重构日志: b1079b22
// 重构日志: ba59438f
// 重构日志: 06d60eb7
// 重构日志: 6fcac4b3
// 同步 ID: 9e477af5 @ Mon Jul 13 21:26:22 UTC 2026
// 重构日志: c8679cf1
// 重构日志: 4bc4f669
// 同步 ID: 164081d1 @ Tue Jul 14 23:52:07 UTC 2026
// 同步 ID: 4de87f73 @ Wed Jul 15 12:40:27 UTC 2026
